2013-01-13 13:42:47,742 INFO  [org.eclim.eclipse.EclimDaemon] Workspace: /Users/james/Documents/Java
2013-01-13 13:42:47,743 INFO  [org.eclim.eclipse.EclimDaemon] Starting eclim...
2013-01-13 13:42:47,756 INFO  [org.eclim.eclipse.EclimDaemon] Loading plugin org.eclim
2013-01-13 13:42:47,759 INFO  [org.eclim.eclipse.EclimDaemon] Loading plugin org.eclim.core
2013-01-13 13:42:47,836 INFO  [org.eclim.plugin.core.CorePlugin] Loading eclim plugins...
2013-01-13 13:42:47,839 INFO  [org.eclim.plugin.core.CorePlugin] Loading plugin org.eclim.jdt
2013-01-13 13:42:47,840 INFO  [org.eclim.plugin.core.CorePlugin] Plugins loaded.
2013-01-13 13:42:47,840 INFO  [org.eclim.eclipse.EclimDaemon] Loaded plugin org.eclim.core
2013-01-13 13:42:47,841 INFO  [org.eclim.eclipse.EclimDaemon] Eclim Server Started on: 127.0.0.1:9091
2013-01-13 17:48:20,124 INFO  [org.eclim.eclipse.EclimDaemon] Shutting down eclim...
2013-01-13 17:48:20,126 INFO  [org.eclim.eclipse.EclimDaemon] Stopping plugin org.eclim.core
2013-01-13 17:48:20,130 INFO  [org.eclim.plugin.core.CorePlugin] Stopping plugin org.eclim.jdt
2013-01-13 17:48:20,131 INFO  [org.eclim.eclipse.EclimDaemon] Eclim stopped.
2013-01-13 19:37:57,708 INFO  [org.eclim.eclipse.EclimDaemon] Workspace: /Users/james/Documents/Java
2013-01-13 19:37:57,713 INFO  [org.eclim.eclipse.EclimDaemon] Starting eclim...
2013-01-13 19:37:57,732 INFO  [org.eclim.eclipse.EclimDaemon] Loading plugin org.eclim
2013-01-13 19:37:57,736 INFO  [org.eclim.eclipse.EclimDaemon] Loading plugin org.eclim.core
2013-01-13 19:37:57,880 INFO  [org.eclim.plugin.core.CorePlugin] Loading eclim plugins...
2013-01-13 19:37:57,885 INFO  [org.eclim.plugin.core.CorePlugin] Loading plugin org.eclim.jdt
2013-01-13 19:37:57,890 INFO  [org.eclim.plugin.core.CorePlugin] Plugins loaded.
2013-01-13 19:37:57,891 INFO  [org.eclim.eclipse.EclimDaemon] Loaded plugin org.eclim.core
2013-01-13 19:37:57,892 INFO  [org.eclim.eclipse.EclimDaemon] Eclim Server Started on: 127.0.0.1:9091
2013-01-13 19:40:53,801 INFO  [org.eclim.eclipse.EclimDaemon] Shutting down eclim...
2013-01-13 19:40:53,806 INFO  [org.eclim.eclipse.EclimDaemon] Stopping plugin org.eclim.core
2013-01-13 19:40:53,808 INFO  [org.eclim.plugin.core.CorePlugin] Stopping plugin org.eclim.jdt
2013-01-13 19:40:53,808 INFO  [org.eclim.eclipse.EclimDaemon] Eclim stopped.
2013-01-13 21:59:48,103 INFO  [org.eclim.eclipse.EclimDaemon] Workspace: /Users/james/Documents/Java
2013-01-13 21:59:48,109 INFO  [org.eclim.eclipse.EclimDaemon] Starting eclim...
2013-01-13 21:59:48,125 INFO  [org.eclim.eclipse.EclimDaemon] Loading plugin org.eclim
2013-01-13 21:59:48,128 INFO  [org.eclim.eclipse.EclimDaemon] Loading plugin org.eclim.core
2013-01-13 21:59:48,228 INFO  [org.eclim.plugin.core.CorePlugin] Loading eclim plugins...
2013-01-13 21:59:48,233 INFO  [org.eclim.plugin.core.CorePlugin] Loading plugin org.eclim.jdt
2013-01-13 21:59:48,236 INFO  [org.eclim.plugin.core.CorePlugin] Plugins loaded.
2013-01-13 21:59:48,236 INFO  [org.eclim.eclipse.EclimDaemon] Loaded plugin org.eclim.core
2013-01-13 21:59:48,241 INFO  [org.eclim.eclipse.EclimDaemon] Eclim Server Started on: 127.0.0.1:9091
2013-01-14 16:03:22,981 INFO  [org.eclim.eclipse.EclimDaemon] Shutting down eclim...
2013-01-14 16:03:22,988 INFO  [org.eclim.eclipse.EclimDaemon] Stopping plugin org.eclim.core
2013-01-14 16:03:22,990 INFO  [org.eclim.plugin.core.CorePlugin] Stopping plugin org.eclim.jdt
2013-01-14 16:03:22,991 INFO  [org.eclim.eclipse.EclimDaemon] Eclim stopped.
2013-01-21 19:24:29,349 INFO  [org.eclim.eclipse.EclimDaemon] Workspace: /Users/james/Developer/Java
2013-01-21 19:24:29,355 INFO  [org.eclim.eclipse.EclimDaemon] Starting eclim...
2013-01-21 19:24:29,373 INFO  [org.eclim.eclipse.EclimDaemon] Loading plugin org.eclim
2013-01-21 19:24:29,376 INFO  [org.eclim.eclipse.EclimDaemon] Loading plugin org.eclim.core
2013-01-21 19:24:29,501 INFO  [org.eclim.plugin.core.CorePlugin] Loading eclim plugins...
2013-01-21 19:24:29,506 INFO  [org.eclim.plugin.core.CorePlugin] Loading plugin org.eclim.jdt
2013-01-21 19:24:29,508 INFO  [org.eclim.plugin.core.CorePlugin] Plugins loaded.
2013-01-21 19:24:29,508 INFO  [org.eclim.eclipse.EclimDaemon] Loaded plugin org.eclim.core
2013-01-21 19:24:29,508 INFO  [org.eclim.eclipse.EclimDaemon] Eclim Server Started on: 127.0.0.1:9091
2013-01-21 20:50:07,317 INFO  [org.eclim.eclipse.EclimDaemon] Shutting down eclim...
2013-01-21 20:50:07,321 INFO  [org.eclim.eclipse.EclimDaemon] Stopping plugin org.eclim.core
2013-01-21 20:50:07,323 INFO  [org.eclim.plugin.core.CorePlugin] Stopping plugin org.eclim.jdt
2013-01-21 20:50:07,324 INFO  [org.eclim.eclipse.EclimDaemon] Eclim stopped.
2013-01-21 21:43:21,471 INFO  [org.eclim.eclipse.EclimDaemon] Workspace: /Users/james/Developer/Java
2013-01-21 21:43:21,474 INFO  [org.eclim.eclipse.EclimDaemon] Starting eclim...
2013-01-21 21:43:21,488 INFO  [org.eclim.eclipse.EclimDaemon] Loading plugin org.eclim
2013-01-21 21:43:21,491 INFO  [org.eclim.eclipse.EclimDaemon] Loading plugin org.eclim.core
2013-01-21 21:43:21,581 INFO  [org.eclim.plugin.core.CorePlugin] Loading eclim plugins...
2013-01-21 21:43:21,583 INFO  [org.eclim.plugin.core.CorePlugin] Loading plugin org.eclim.jdt
2013-01-21 21:43:21,584 INFO  [org.eclim.plugin.core.CorePlugin] Plugins loaded.
2013-01-21 21:43:21,585 INFO  [org.eclim.eclipse.EclimDaemon] Loaded plugin org.eclim.core
2013-01-21 21:43:21,585 INFO  [org.eclim.eclipse.EclimDaemon] Eclim Server Started on: 127.0.0.1:9091
2013-01-21 21:44:01,438 INFO  [org.eclim.eclipse.EclimDaemon] Shutting down eclim...
2013-01-21 21:44:01,441 INFO  [org.eclim.eclipse.EclimDaemon] Stopping plugin org.eclim.core
2013-01-21 21:44:01,442 INFO  [org.eclim.plugin.core.CorePlugin] Stopping plugin org.eclim.jdt
2013-01-21 21:44:01,442 INFO  [org.eclim.eclipse.EclimDaemon] Eclim stopped.
2013-01-22 00:34:33,193 INFO  [org.eclim.eclipse.EclimDaemon] Workspace: /Users/james/Developer/Java
2013-01-22 00:34:33,197 INFO  [org.eclim.eclipse.EclimDaemon] Starting eclim...
2013-01-22 00:34:33,218 INFO  [org.eclim.eclipse.EclimDaemon] Loading plugin org.eclim
2013-01-22 00:34:33,221 INFO  [org.eclim.eclipse.EclimDaemon] Loading plugin org.eclim.core
2013-01-22 00:34:33,311 INFO  [org.eclim.plugin.core.CorePlugin] Loading eclim plugins...
2013-01-22 00:34:33,314 INFO  [org.eclim.plugin.core.CorePlugin] Loading plugin org.eclim.jdt
2013-01-22 00:34:33,317 INFO  [org.eclim.plugin.core.CorePlugin] Plugins loaded.
2013-01-22 00:34:33,317 INFO  [org.eclim.eclipse.EclimDaemon] Loaded plugin org.eclim.core
2013-01-22 00:34:33,317 INFO  [org.eclim.eclipse.EclimDaemon] Eclim Server Started on: 127.0.0.1:9091
2013-01-22 12:11:43,218 INFO  [org.eclim.eclipse.EclimDaemon] Shutting down eclim...
2013-01-22 12:11:43,225 INFO  [org.eclim.eclipse.EclimDaemon] Stopping plugin org.eclim.core
2013-01-22 12:11:43,227 INFO  [org.eclim.plugin.core.CorePlugin] Stopping plugin org.eclim.jdt
2013-01-22 12:11:43,228 INFO  [org.eclim.eclipse.EclimDaemon] Eclim stopped.
2013-01-22 21:48:50,273 INFO  [org.eclim.eclipse.EclimDaemon] Workspace: /Users/james/Developer/Java
2013-01-22 21:48:50,276 INFO  [org.eclim.eclipse.EclimDaemon] Starting eclim...
2013-01-22 21:48:50,292 INFO  [org.eclim.eclipse.EclimDaemon] Loading plugin org.eclim
2013-01-22 21:48:50,294 INFO  [org.eclim.eclipse.EclimDaemon] Loading plugin org.eclim.core
2013-01-22 21:48:50,400 INFO  [org.eclim.plugin.core.CorePlugin] Loading eclim plugins...
2013-01-22 21:48:50,402 INFO  [org.eclim.plugin.core.CorePlugin] Loading plugin org.eclim.jdt
2013-01-22 21:48:50,404 INFO  [org.eclim.plugin.core.CorePlugin] Plugins loaded.
2013-01-22 21:48:50,405 INFO  [org.eclim.eclipse.EclimDaemon] Loaded plugin org.eclim.core
2013-01-22 21:48:50,405 INFO  [org.eclim.eclipse.EclimDaemon] Eclim Server Started on: 127.0.0.1:9091
2013-01-22 23:12:56,998 INFO  [org.eclim.eclipse.EclimDaemon] Workspace: /Users/james/Developer/Java
2013-01-22 23:12:57,001 INFO  [org.eclim.eclipse.EclimDaemon] Starting eclim...
2013-01-22 23:12:57,014 INFO  [org.eclim.eclipse.EclimDaemon] Loading plugin org.eclim
2013-01-22 23:12:57,016 INFO  [org.eclim.eclipse.EclimDaemon] Loading plugin org.eclim.core
2013-01-22 23:12:57,117 INFO  [org.eclim.plugin.core.CorePlugin] Loading eclim plugins...
2013-01-22 23:12:57,119 INFO  [org.eclim.plugin.core.CorePlugin] Loading plugin org.eclim.jdt
2013-01-22 23:12:57,123 INFO  [org.eclim.plugin.core.CorePlugin] Plugins loaded.
2013-01-22 23:12:57,123 INFO  [org.eclim.eclipse.EclimDaemon] Loaded plugin org.eclim.core
2013-01-22 23:12:57,123 INFO  [org.eclim.eclipse.EclimDaemon] Eclim Server Started on: 127.0.0.1:9091
2013-01-23 12:08:41,158 INFO  [org.eclim.eclipse.EclimDaemon] Shutting down eclim...
2013-01-23 12:08:41,165 INFO  [org.eclim.eclipse.EclimDaemon] Stopping plugin org.eclim.core
2013-01-23 12:08:41,168 INFO  [org.eclim.plugin.core.CorePlugin] Stopping plugin org.eclim.jdt
2013-01-23 12:08:41,168 INFO  [org.eclim.eclipse.EclimDaemon] Eclim stopped.
2013-01-23 17:04:59,985 INFO  [org.eclim.eclipse.EclimDaemon] Workspace: /Users/james/Developer/Java
2013-01-23 17:04:59,989 INFO  [org.eclim.eclipse.EclimDaemon] Starting eclim...
2013-01-23 17:05:00,003 INFO  [org.eclim.eclipse.EclimDaemon] Loading plugin org.eclim
2013-01-23 17:05:00,006 INFO  [org.eclim.eclipse.EclimDaemon] Loading plugin org.eclim.core
2013-01-23 17:05:00,113 INFO  [org.eclim.plugin.core.CorePlugin] Loading eclim plugins...
2013-01-23 17:05:00,115 INFO  [org.eclim.plugin.core.CorePlugin] Loading plugin org.eclim.jdt
2013-01-23 17:05:00,117 INFO  [org.eclim.plugin.core.CorePlugin] Plugins loaded.
2013-01-23 17:05:00,118 INFO  [org.eclim.eclipse.EclimDaemon] Loaded plugin org.eclim.core
2013-01-23 17:05:00,119 INFO  [org.eclim.eclipse.EclimDaemon] Eclim Server Started on: 127.0.0.1:9091
2013-01-23 17:05:21,974 INFO  [org.eclim.eclipse.EclimDaemon] Shutting down eclim...
2013-01-23 17:05:21,978 INFO  [org.eclim.eclipse.EclimDaemon] Stopping plugin org.eclim.core
2013-01-23 17:05:21,980 INFO  [org.eclim.plugin.core.CorePlugin] Stopping plugin org.eclim.jdt
2013-01-23 17:05:21,980 INFO  [org.eclim.eclipse.EclimDaemon] Eclim stopped.
2013-01-30 17:45:54,345 INFO  [org.eclim.eclipse.EclimDaemon] Workspace: /Users/james/Developer/Java
2013-01-30 17:45:54,349 INFO  [org.eclim.eclipse.EclimDaemon] Starting eclim...
2013-01-30 17:45:54,366 INFO  [org.eclim.eclipse.EclimDaemon] Loading plugin org.eclim
2013-01-30 17:45:54,369 INFO  [org.eclim.eclipse.EclimDaemon] Loading plugin org.eclim.core
2013-01-30 17:45:54,474 INFO  [org.eclim.plugin.core.CorePlugin] Loading eclim plugins...
2013-01-30 17:45:54,478 INFO  [org.eclim.plugin.core.CorePlugin] Loading plugin org.eclim.jdt
2013-01-30 17:45:54,481 INFO  [org.eclim.plugin.core.CorePlugin] Plugins loaded.
2013-01-30 17:45:54,481 INFO  [org.eclim.eclipse.EclimDaemon] Loaded plugin org.eclim.core
2013-01-30 17:45:54,481 INFO  [org.eclim.eclipse.EclimDaemon] Eclim Server Started on: 127.0.0.1:9091
2013-01-30 17:49:46,312 INFO  [org.eclim.eclipse.EclimDaemon] Shutting down eclim...
2013-01-30 17:49:46,319 INFO  [org.eclim.eclipse.EclimDaemon] Stopping plugin org.eclim.core
2013-01-30 17:49:46,323 INFO  [org.eclim.plugin.core.CorePlugin] Stopping plugin org.eclim.jdt
2013-01-30 17:49:46,323 INFO  [org.eclim.eclipse.EclimDaemon] Eclim stopped.
